<?xml version="1.0" encoding="UTF-8"?>
<!-- Generated by org.testng.reporters.JUnitReportReporter -->
<testsuite hostname="TT" failures="0" tests="1" name="case1.testCase1" time="3.316" errors="0" timestamp="2021-10-25T21:47:09 CST" skipped="0">
  <testcase classname="case1.testCase1" name="testCase_001" time="3.316"/>
  <system-out/>
</testsuite> <!-- case1.testCase1 -->
